This file contains any messages produced by compilers while
running configure, to aid debugging if configure makes a mistake.

It was created by libcf configure 1.0-alpha5, which was
generated by GNU Autoconf 2.68.  Invocation command line was

  $ ./configure --disable-option-checking --prefix=/home/matiasnavarro/Development/SO2/hpc/libs/netcdf --enable-netcdf-4 --enable-shared LDFLAGS=-L/home/matiasnavarro/Development/SO2/hpc/libs/hdf5/lib -L/home/matiasnavarro/Development/SO2/hpc/libs/zlib/lib CPPFLAGS=-I/home/matiasnavarro/Development/SO2/hpc/libs/hdf5/include -I/home/matiasnavarro/Development/SO2/hpc/libs/zlib/include: --cache-file=/dev/null --srcdir=.

## --------- ##
## Platform. ##
## --------- ##

hostname = MatiasNavarro-LinuxMint
uname -m = x86_64
uname -r = 4.15.0-46-generic
uname -s = Linux
uname -v = #49-Ubuntu SMP Wed Feb 6 09:33:07 UTC 2019

/usr/bin/uname -p = unknown
/bin/uname -X     = unknown

/bin/arch              = unknown
/usr/bin/arch -k       = unknown
/usr/convex/getsysinfo = unknown
/usr/bin/hostinfo      = unknown
/bin/machine           = unknown
/usr/bin/oslevel       = unknown
/bin/universe          = unknown

PATH: /usr/local/sbin
PATH: /usr/local/bin
PATH: /usr/sbin
PATH: /usr/bin
PATH: /sbin
PATH: /bin
PATH: /usr/games
PATH: /usr/local/games
PATH: /snap/bin


## ----------- ##
## Core tests. ##
## ----------- ##

configure:2741: libcf 1.0-alpha5
configure:2778: checking build system type
configure:2792: result: x86_64-unknown-linux-gnu
configure:2812: checking host system type
configure:2825: result: x86_64-unknown-linux-gnu
configure:2870: checking for a BSD-compatible install
configure:2938: result: /usr/bin/install -c
configure:2949: checking whether build environment is sane
configure:2999: result: yes
configure:3140: checking for a thread-safe mkdir -p
configure:3179: result: /bin/mkdir -p
configure:3192: checking for gawk
configure:3208: found /usr/bin/gawk
configure:3219: result: gawk
configure:3230: checking whether make sets $(MAKE)
configure:3252: result: yes
configure:3336: checking user options
configure:3380: checking whether FC is set to ''
configure:3384: result: no
configure:3388: checking whether documentation is to be built
configure:3396: result: no
configure:3408: checking whether gridspec tools are to be built
configure:3416: result: no
configure:3428: checking whether gridspec test data should be fetched from Unidata FTP site
configure:3436: result: no
configure:3448: checking whether cfcheck is to be built
configure:3456: result: yes
configure:3468: checking whether logging is enabled (useful to CF developers, mainly
configure:3476: result: no
configure:3485: checking whether netCDF-4 is to be used
configure:3499: result: yes
configure:3523: checking whether extra tests on sample data should be performed
configure:3531: result: no
configure:3543: checking whether a location for the HDF5 library was specified
configure:3551: result: 
configure:3568: checking whether a location for the HDF4 library was specified
configure:3576: result: 
configure:3598: checking whether a location for the ZLIB library was specified
configure:3606: result: 
configure:3612: checking whether a location for the SZLIB library was specified
configure:3620: result: 
configure:3644: checking whether Fortran 90 API is desired
configure:3653: result: yes
configure:3665: checking whether a location for the netCDF library was specified
configure:3675: result: no
configure:3702: finding C compiler
configure:3758: checking for mpcc_r
configure:3788: result: no
configure:3758: checking for xlc
configure:3788: result: no
configure:3758: checking for cc
configure:3774: found /usr/bin/cc
configure:3785: result: cc
configure:3816: checking for C compiler version
configure:3825: cc --version >&5
cc (Ubuntu 7.3.0-27ubuntu1~18.04) 7.3.0
Copyright (C) 2017 Free Software Foundation, Inc.
This is free software; see the source for copying conditions.  There is NO
warranty; not even for MERCHANTABILITY or FITNESS FOR A PARTICULAR PURPOSE.

configure:3836: $? = 0
configure:3825: cc -v >&5
Using built-in specs.
COLLECT_GCC=cc
COLLECT_LTO_WRAPPER=/usr/lib/gcc/x86_64-linux-gnu/7/lto-wrapper
OFFLOAD_TARGET_NAMES=nvptx-none
OFFLOAD_TARGET_DEFAULT=1
Target: x86_64-linux-gnu
Configured with: ../src/configure -v --with-pkgversion='Ubuntu 7.3.0-27ubuntu1~18.04' --with-bugurl=file:///usr/share/doc/gcc-7/README.Bugs --enable-languages=c,ada,c++,go,brig,d,fortran,objc,obj-c++ --prefix=/usr --with-gcc-major-version-only --program-suffix=-7 --program-prefix=x86_64-linux-gnu- --enable-shared --enable-linker-build-id --libexecdir=/usr/lib --without-included-gettext --enable-threads=posix --libdir=/usr/lib --enable-nls --with-sysroot=/ --enable-clocale=gnu --enable-libstdcxx-debug --enable-libstdcxx-time=yes --with-default-libstdcxx-abi=new --enable-gnu-unique-object --disable-vtable-verify --enable-libmpx --enable-plugin --enable-default-pie --with-system-zlib --with-target-system-zlib --enable-objc-gc=auto --enable-multiarch --disable-werror --with-arch-32=i686 --with-abi=m64 --with-multilib-list=m32,m64,mx32 --enable-multilib --with-tune=generic --enable-offload-targets=nvptx-none --without-cuda-driver --enable-checking=release --build=x86_64-linux-gnu --host=x86_64-linux-gnu --target=x86_64-linux-gnu
Thread model: posix
gcc version 7.3.0 (Ubuntu 7.3.0-27ubuntu1~18.04) 
configure:3836: $? = 0
configure:3825: cc -V >&5
cc: error: unrecognized command line option '-V'
cc: fatal error: no input files
compilation terminated.
configure:3836: $? = 1
configure:3825: cc -qversion >&5
cc: error: unrecognized command line option '-qversion'; did you mean '--version'?
cc: fatal error: no input files
compilation terminated.
configure:3836: $? = 1
configure:3856: checking whether the C compiler works
configure:3878: cc  -I/home/matiasnavarro/Development/SO2/hpc/libs/hdf5/include -I/home/matiasnavarro/Development/SO2/hpc/libs/zlib/include: -L/home/matiasnavarro/Development/SO2/hpc/libs/hdf5/lib -L/home/matiasnavarro/Development/SO2/hpc/libs/zlib/lib conftest.c  >&5
configure:3882: $? = 0
configure:3930: result: yes
configure:3933: checking for C compiler default output file name
configure:3935: result: a.out
configure:3941: checking for suffix of executables
configure:3948: cc -o conftest  -I/home/matiasnavarro/Development/SO2/hpc/libs/hdf5/include -I/home/matiasnavarro/Development/SO2/hpc/libs/zlib/include: -L/home/matiasnavarro/Development/SO2/hpc/libs/hdf5/lib -L/home/matiasnavarro/Development/SO2/hpc/libs/zlib/lib conftest.c  >&5
configure:3952: $? = 0
configure:3974: result: 
configure:3996: checking whether we are cross compiling
configure:4004: cc -o conftest  -I/home/matiasnavarro/Development/SO2/hpc/libs/hdf5/include -I/home/matiasnavarro/Development/SO2/hpc/libs/zlib/include: -L/home/matiasnavarro/Development/SO2/hpc/libs/hdf5/lib -L/home/matiasnavarro/Development/SO2/hpc/libs/zlib/lib conftest.c  >&5
configure:4008: $? = 0
configure:4015: ./conftest
configure:4019: $? = 0
configure:4034: result: no
configure:4039: checking for suffix of object files
configure:4061: cc -c  -I/home/matiasnavarro/Development/SO2/hpc/libs/hdf5/include -I/home/matiasnavarro/Development/SO2/hpc/libs/zlib/include: conftest.c >&5
configure:4065: $? = 0
configure:4086: result: o
configure:4090: checking whether we are using the GNU C compiler
configure:4109: cc -c  -I/home/matiasnavarro/Development/SO2/hpc/libs/hdf5/include -I/home/matiasnavarro/Development/SO2/hpc/libs/zlib/include: conftest.c >&5
configure:4109: $? = 0
configure:4118: result: yes
configure:4127: checking whether cc accepts -g
configure:4147: cc -c -g -I/home/matiasnavarro/Development/SO2/hpc/libs/hdf5/include -I/home/matiasnavarro/Development/SO2/hpc/libs/zlib/include: conftest.c >&5
configure:4147: $? = 0
configure:4188: result: yes
configure:4205: checking for cc option to accept ISO C89
configure:4269: cc  -c -g -O2 -I/home/matiasnavarro/Development/SO2/hpc/libs/hdf5/include -I/home/matiasnavarro/Development/SO2/hpc/libs/zlib/include: conftest.c >&5
configure:4269: $? = 0
configure:4282: result: none needed
configure:4313: checking for style of include used by make
configure:4341: result: GNU
configure:4366: checking dependency style of cc
configure:4476: result: gcc3
configure:4495: checking whether cc understands -c and -o together
configure:4523: cc -c conftest.c -o conftest2.o >&5
configure:4527: $? = 0
configure:4533: cc -c conftest.c -o conftest2.o >&5
configure:4537: $? = 0
configure:4592: result: yes
configure:4621: finding Fortran compiler (required, even if Fortran API is not desired)
configure:4901: checking for xlf90
configure:4931: result: no
configure:4901: checking for fort
configure:4931: result: no
configure:4901: checking for xlf95
configure:4931: result: no
configure:4901: checking for ifort
configure:4931: result: no
configure:4901: checking for ifc
configure:4931: result: no
configure:4901: checking for efc
configure:4931: result: no
configure:4901: checking for pgf95
configure:4931: result: no
configure:4901: checking for lf95
configure:4931: result: no
configure:4901: checking for g95
configure:4931: result: no
configure:4901: checking for gfortran
configure:4931: result: no
configure:4901: checking for f95
configure:4931: result: no
configure:4901: checking for f90
configure:4931: result: no
configure:4901: checking for f90
configure:4931: result: no
configure:4901: checking for xlf90
configure:4931: result: no
configure:4901: checking for pgf90
configure:4931: result: no
configure:4901: checking for epcf90
configure:4931: result: no
configure:4954: checking for Fortran compiler version
configure:4963:  --version >&5
./configure: line 4965: --version: command not found
configure:4974: $? = 127
configure:4963:  -v >&5
./configure: line 4965: -v: command not found
configure:4974: $? = 127
configure:4963:  -V >&5
./configure: line 4965: -V: command not found
configure:4974: $? = 127
configure:4963:  -qversion >&5
./configure: line 4965: -qversion: command not found
configure:4974: $? = 127
configure:4983: checking whether we are using the GNU Fortran compiler
configure:4996:  -c   conftest.F >&5
./configure: line 1631: -c: command not found
configure:4996: $? = 127
configure: failed program was:
|       program main
| #ifndef __GNUC__
|        choke me
| #endif
| 
|       end
configure:5005: result: no
configure:5011: checking whether  accepts -g
configure:5022:  -c -g  conftest.f >&5
./configure: line 1631: -c: command not found
configure:5022: $? = 127
configure: failed program was:
|       program main
| 
|       end
configure:5030: result: no
configure:5058: WARNING: No F90 compiler found. F90 API will not be built.
configure:5118: checking for xlf
configure:5148: result: no
configure:5118: checking for fort
configure:5148: result: no
configure:5118: checking for xlf95
configure:5148: result: no
configure:5118: checking for ifort
configure:5148: result: no
configure:5118: checking for ifc
configure:5148: result: no
configure:5118: checking for efc
configure:5148: result: no
configure:5118: checking for pgf77
configure:5148: result: no
configure:5118: checking for lf95
configure:5148: result: no
configure:5118: checking for g95
configure:5148: result: no
configure:5118: checking for gfortran
configure:5148: result: no
configure:5118: checking for f77
configure:5148: result: no
configure:5118: checking for frt
configure:5148: result: no
configure:5118: checking for pgf95
configure:5148: result: no
configure:5118: checking for f95
configure:5148: result: no
configure:5118: checking for f90
configure:5148: result: no
configure:5118: checking for fort77
configure:5148: result: no
configure:5118: checking for fl32
configure:5148: result: no
configure:5118: checking for af77
configure:5148: result: no
configure:5118: checking for f90
configure:5148: result: no
configure:5118: checking for xlf90
configure:5148: result: no
configure:5118: checking for pgf90
configure:5148: result: no
configure:5118: checking for epcf90
configure:5148: result: no
configure:5118: checking for g77
configure:5148: result: no
configure:5171: checking for Fortran 77 compiler version
configure:5180:  --version >&5
./configure: line 5182: --version: command not found
configure:5191: $? = 127
configure:5180:  -v >&5
./configure: line 5182: -v: command not found
configure:5191: $? = 127
configure:5180:  -V >&5
./configure: line 5182: -V: command not found
configure:5191: $? = 127
configure:5180:  -qversion >&5
./configure: line 5182: -qversion: command not found
configure:5191: $? = 127
configure:5200: checking whether we are using the GNU Fortran 77 compiler
configure:5213:  -c  conftest.F >&5
./configure: line 1669: -c: command not found
configure:5213: $? = 127
configure: failed program was:
|       program main
| #ifndef __GNUC__
|        choke me
| #endif
| 
|       end
configure:5222: result: no
configure:5228: checking whether  accepts -g
configure:5239:  -c -g conftest.f >&5
./configure: line 1669: -c: command not found
configure:5239: $? = 127
configure: failed program was:
|       program main
| 
|       end
configure:5247: result: no
configure:5277: WARNING: No F77 compiler found. F77 API will not be built.
configure:5465: finding other utilities
configure:5470: setting up libtool
configure:5825: checking how to print strings
configure:5852: result: printf
configure:5873: checking for a sed that does not truncate output
configure:5937: result: /bin/sed
configure:5955: checking for grep that handles long lines and -e
configure:6013: result: /bin/grep
configure:6018: checking for egrep
configure:6080: result: /bin/grep -E
configure:6085: checking for fgrep
configure:6147: result: /bin/grep -F
configure:6182: checking for ld used by cc
configure:6249: result: /usr/bin/ld
configure:6256: checking if the linker (/usr/bin/ld) is GNU ld
configure:6271: result: yes
configure:6283: checking for BSD- or MS-compatible name lister (nm)
configure:6332: result: /usr/bin/nm -B
configure:6462: checking the name lister (/usr/bin/nm -B) interface
configure:6469: cc -c -g -O2 -I/home/matiasnavarro/Development/SO2/hpc/libs/hdf5/include -I/home/matiasnavarro/Development/SO2/hpc/libs/zlib/include: conftest.c >&5
configure:6472: /usr/bin/nm -B "conftest.o"
configure:6475: output
0000000000000000 B some_variable
configure:6482: result: BSD nm
configure:6485: checking whether ln -s works
configure:6489: result: yes
configure:6497: checking the maximum length of command line arguments
configure:6622: result: 1572864
configure:6639: checking whether the shell understands some XSI constructs
configure:6649: result: yes
configure:6653: checking whether the shell understands "+="
configure:6659: result: yes
configure:6694: checking how to convert x86_64-unknown-linux-gnu file names to x86_64-unknown-linux-gnu format
configure:6734: result: func_convert_file_noop
configure:6741: checking how to convert x86_64-unknown-linux-gnu file names to toolchain format
configure:6761: result: func_convert_file_noop
configure:6768: checking for /usr/bin/ld option to reload object files
configure:6775: result: -r
configure:6849: checking for objdump
configure:6876: result: objdump
configure:6905: checking how to recognize dependent libraries
configure:7107: result: pass_all
configure:7192: checking for dlltool
configure:7219: result: dlltool
configure:7249: checking how to associate runtime and link libraries
configure:7276: result: printf %s\n
configure:7337: checking for ar
configure:7353: found /usr/bin/ar
configure:7364: result: ar
configure:7401: checking for archiver @FILE support
configure:7418: cc -c -g -O2 -I/home/matiasnavarro/Development/SO2/hpc/libs/hdf5/include -I/home/matiasnavarro/Development/SO2/hpc/libs/zlib/include: conftest.c >&5
configure:7418: $? = 0
configure:7421: ar cru libconftest.a @conftest.lst >&5
ar: `u' modifier ignored since `D' is the default (see `U')
configure:7424: $? = 0
configure:7429: ar cru libconftest.a @conftest.lst >&5
ar: `u' modifier ignored since `D' is the default (see `U')
ar: conftest.o: No such file or directory
configure:7432: $? = 1
configure:7444: result: @
configure:7502: checking for strip
configure:7518: found /usr/bin/strip
configure:7529: result: strip
configure:7601: checking for ranlib
configure:7617: found /usr/bin/ranlib
configure:7628: result: ranlib
configure:7730: checking command to parse /usr/bin/nm -B output from cc object
configure:7849: cc -c -g -O2 -I/home/matiasnavarro/Development/SO2/hpc/libs/hdf5/include -I/home/matiasnavarro/Development/SO2/hpc/libs/zlib/include: conftest.c >&5
configure:7852: $? = 0
configure:7856: /usr/bin/nm -B conftest.o \| sed -n -e 's/^.*[ ]\([ABCDGIRSTW][ABCDGIRSTW]*\)[ ][ ]*\([_A-Za-z][_A-Za-z0-9]*\)$/\1 \2 \2/p' | sed '/ __gnu_lto/d' \> conftest.nm
configure:7859: $? = 0
configure:7925: cc -o conftest -g -O2 -I/home/matiasnavarro/Development/SO2/hpc/libs/hdf5/include -I/home/matiasnavarro/Development/SO2/hpc/libs/zlib/include: -L/home/matiasnavarro/Development/SO2/hpc/libs/hdf5/lib -L/home/matiasnavarro/Development/SO2/hpc/libs/zlib/lib conftest.c conftstm.o >&5
configure:7928: $? = 0
configure:7966: result: ok
configure:8003: checking for sysroot
configure:8033: result: no
configure:8110: cc -c -g -O2 -I/home/matiasnavarro/Development/SO2/hpc/libs/hdf5/include -I/home/matiasnavarro/Development/SO2/hpc/libs/zlib/include: conftest.c >&5
configure:8113: $? = 0
configure:8276: checking for mt
configure:8292: found /bin/mt
configure:8303: result: mt
configure:8326: checking if mt is a manifest tool
configure:8332: mt '-?'
configure:8340: result: no
configure:8972: checking how to run the C preprocessor
configure:9003: cc -E -I/home/matiasnavarro/Development/SO2/hpc/libs/hdf5/include -I/home/matiasnavarro/Development/SO2/hpc/libs/zlib/include: conftest.c
configure:9003: $? = 0
configure:9017: cc -E -I/home/matiasnavarro/Development/SO2/hpc/libs/hdf5/include -I/home/matiasnavarro/Development/SO2/hpc/libs/zlib/include: conftest.c
conftest.c:12:10: fatal error: ac_nonexistent.h: No such file or directory
 #include <ac_nonexistent.h>
          ^~~~~~~~~~~~~~~~~~
compilation terminated.
configure:9017: $? = 1
configure: failed program was:
| /* confdefs.h */
| #define PACKAGE_NAME "libcf"
| #define PACKAGE_TARNAME "libcf"
| #define PACKAGE_VERSION "1.0-alpha5"
| #define PACKAGE_STRING "libcf 1.0-alpha5"
| #define PACKAGE_BUGREPORT "support@unidata.ucar.edu"
| #define PACKAGE_URL ""
| #define PACKAGE "libcf"
| #define VERSION "1.0-alpha5"
| #define USE_NETCDF4 1
| /* end confdefs.h.  */
| #include <ac_nonexistent.h>
configure:9042: result: cc -E
configure:9062: cc -E -I/home/matiasnavarro/Development/SO2/hpc/libs/hdf5/include -I/home/matiasnavarro/Development/SO2/hpc/libs/zlib/include: conftest.c
configure:9062: $? = 0
configure:9076: cc -E -I/home/matiasnavarro/Development/SO2/hpc/libs/hdf5/include -I/home/matiasnavarro/Development/SO2/hpc/libs/zlib/include: conftest.c
conftest.c:12:10: fatal error: ac_nonexistent.h: No such file or directory
 #include <ac_nonexistent.h>
          ^~~~~~~~~~~~~~~~~~
compilation terminated.
configure:9076: $? = 1
configure: failed program was:
| /* confdefs.h */
| #define PACKAGE_NAME "libcf"
| #define PACKAGE_TARNAME "libcf"
| #define PACKAGE_VERSION "1.0-alpha5"
| #define PACKAGE_STRING "libcf 1.0-alpha5"
| #define PACKAGE_BUGREPORT "support@unidata.ucar.edu"
| #define PACKAGE_URL ""
| #define PACKAGE "libcf"
| #define VERSION "1.0-alpha5"
| #define USE_NETCDF4 1
| /* end confdefs.h.  */
| #include <ac_nonexistent.h>
configure:9105: checking for ANSI C header files
configure:9125: cc -c -g -O2 -I/home/matiasnavarro/Development/SO2/hpc/libs/hdf5/include -I/home/matiasnavarro/Development/SO2/hpc/libs/zlib/include: conftest.c >&5
configure:9125: $? = 0
configure:9198: cc -o conftest -g -O2 -I/home/matiasnavarro/Development/SO2/hpc/libs/hdf5/include -I/home/matiasnavarro/Development/SO2/hpc/libs/zlib/include: -L/home/matiasnavarro/Development/SO2/hpc/libs/hdf5/lib -L/home/matiasnavarro/Development/SO2/hpc/libs/zlib/lib conftest.c  >&5
configure:9198: $? = 0
configure:9198: ./conftest
configure:9198: $? = 0
configure:9209: result: yes
configure:9222: checking for sys/types.h
configure:9222: cc -c -g -O2 -I/home/matiasnavarro/Development/SO2/hpc/libs/hdf5/include -I/home/matiasnavarro/Development/SO2/hpc/libs/zlib/include: conftest.c >&5
configure:9222: $? = 0
configure:9222: result: yes
configure:9222: checking for sys/stat.h
configure:9222: cc -c -g -O2 -I/home/matiasnavarro/Development/SO2/hpc/libs/hdf5/include -I/home/matiasnavarro/Development/SO2/hpc/libs/zlib/include: conftest.c >&5
configure:9222: $? = 0
configure:9222: result: yes
configure:9222: checking for stdlib.h
configure:9222: cc -c -g -O2 -I/home/matiasnavarro/Development/SO2/hpc/libs/hdf5/include -I/home/matiasnavarro/Development/SO2/hpc/libs/zlib/include: conftest.c >&5
configure:9222: $? = 0
configure:9222: result: yes
configure:9222: checking for string.h
configure:9222: cc -c -g -O2 -I/home/matiasnavarro/Development/SO2/hpc/libs/hdf5/include -I/home/matiasnavarro/Development/SO2/hpc/libs/zlib/include: conftest.c >&5
configure:9222: $? = 0
configure:9222: result: yes
configure:9222: checking for memory.h
configure:9222: cc -c -g -O2 -I/home/matiasnavarro/Development/SO2/hpc/libs/hdf5/include -I/home/matiasnavarro/Development/SO2/hpc/libs/zlib/include: conftest.c >&5
configure:9222: $? = 0
configure:9222: result: yes
configure:9222: checking for strings.h
configure:9222: cc -c -g -O2 -I/home/matiasnavarro/Development/SO2/hpc/libs/hdf5/include -I/home/matiasnavarro/Development/SO2/hpc/libs/zlib/include: conftest.c >&5
configure:9222: $? = 0
configure:9222: result: yes
configure:9222: checking for inttypes.h
configure:9222: cc -c -g -O2 -I/home/matiasnavarro/Development/SO2/hpc/libs/hdf5/include -I/home/matiasnavarro/Development/SO2/hpc/libs/zlib/include: conftest.c >&5
configure:9222: $? = 0
configure:9222: result: yes
configure:9222: checking for stdint.h
configure:9222: cc -c -g -O2 -I/home/matiasnavarro/Development/SO2/hpc/libs/hdf5/include -I/home/matiasnavarro/Development/SO2/hpc/libs/zlib/include: conftest.c >&5
configure:9222: $? = 0
configure:9222: result: yes
configure:9222: checking for unistd.h
configure:9222: cc -c -g -O2 -I/home/matiasnavarro/Development/SO2/hpc/libs/hdf5/include -I/home/matiasnavarro/Development/SO2/hpc/libs/zlib/include: conftest.c >&5
configure:9222: $? = 0
configure:9222: result: yes
configure:9236: checking for dlfcn.h
configure:9236: cc -c -g -O2 -I/home/matiasnavarro/Development/SO2/hpc/libs/hdf5/include -I/home/matiasnavarro/Development/SO2/hpc/libs/zlib/include: conftest.c >&5
configure:9236: $? = 0
configure:9236: result: yes
configure:9402: checking for objdir
configure:9417: result: .libs
configure:9688: checking if cc supports -fno-rtti -fno-exceptions
configure:9706: cc -c -g -O2 -I/home/matiasnavarro/Development/SO2/hpc/libs/hdf5/include -I/home/matiasnavarro/Development/SO2/hpc/libs/zlib/include: -fno-rtti -fno-exceptions conftest.c >&5
cc1: warning: command line option '-fno-rtti' is valid for C++/ObjC++ but not for C
configure:9710: $? = 0
configure:9723: result: no
configure:10033: checking for cc option to produce PIC
configure:10040: result: -fPIC -DPIC
configure:10048: checking if cc PIC flag -fPIC -DPIC works
configure:10066: cc -c -g -O2 -I/home/matiasnavarro/Development/SO2/hpc/libs/hdf5/include -I/home/matiasnavarro/Development/SO2/hpc/libs/zlib/include: -fPIC -DPIC -DPIC conftest.c >&5
configure:10070: $? = 0
configure:10083: result: yes
configure:10112: checking if cc static flag -static works
configure:10140: result: yes
configure:10155: checking if cc supports -c -o file.o
configure:10176: cc -c -g -O2 -I/home/matiasnavarro/Development/SO2/hpc/libs/hdf5/include -I/home/matiasnavarro/Development/SO2/hpc/libs/zlib/include: -o out/conftest2.o conftest.c >&5
configure:10180: $? = 0
configure:10202: result: yes
configure:10210: checking if cc supports -c -o file.o
configure:10257: result: yes
configure:10290: checking whether the cc linker (/usr/bin/ld -m elf_x86_64) supports shared libraries
configure:11448: result: yes
configure:11485: checking whether -lc should be explicitly linked in
configure:11493: cc -c -g -O2 -I/home/matiasnavarro/Development/SO2/hpc/libs/hdf5/include -I/home/matiasnavarro/Development/SO2/hpc/libs/zlib/include: conftest.c >&5
configure:11496: $? = 0
configure:11511: cc -shared  -fPIC -DPIC conftest.o  -v -Wl,-soname -Wl,conftest -o conftest 2\>\&1 \| /bin/grep  -lc  \>/dev/null 2\>\&1
configure:11514: $? = 0
configure:11528: result: no
configure:11693: checking dynamic linker characteristics
configure:12207: cc -o conftest -g -O2 -I/home/matiasnavarro/Development/SO2/hpc/libs/hdf5/include -I/home/matiasnavarro/Development/SO2/hpc/libs/zlib/include: -L/home/matiasnavarro/Development/SO2/hpc/libs/hdf5/lib -L/home/matiasnavarro/Development/SO2/hpc/libs/zlib/lib -Wl,-rpath -Wl,/foo conftest.c  >&5
configure:12207: $? = 0
configure:12429: result: GNU/Linux ld.so
configure:12536: checking how to hardcode library paths into programs
configure:12561: result: immediate
configure:13101: checking whether stripping libraries is possible
configure:13106: result: yes
configure:13141: checking if libtool supports shared libraries
configure:13143: result: yes
configure:13146: checking whether to build shared libraries
configure:13167: result: yes
configure:13170: checking whether to build static libraries
configure:13174: result: yes
configure:18797: checking for large file support
configure:18807: checking for special C compiler options needed for large files
configure:18852: result: no
configure:18858: checking for _FILE_OFFSET_BITS value needed for large files
configure:18883: cc -c -g -O2 -I/home/matiasnavarro/Development/SO2/hpc/libs/hdf5/include -I/home/matiasnavarro/Development/SO2/hpc/libs/zlib/include: conftest.c >&5
configure:18883: $? = 0
configure:18915: result: no
configure:18999: checking types, headers, and functions
configure:19002: checking for stdlib.h
configure:19002: result: yes
configure:19012: checking for sys/types.h
configure:19012: result: yes
configure:19022: checking for unistd.h
configure:19022: result: yes
configure:19028: checking for strerror
configure:19028: cc -o conftest -g -O2 -I/home/matiasnavarro/Development/SO2/hpc/libs/hdf5/include -I/home/matiasnavarro/Development/SO2/hpc/libs/zlib/include: -L/home/matiasnavarro/Development/SO2/hpc/libs/hdf5/lib -L/home/matiasnavarro/Development/SO2/hpc/libs/zlib/lib conftest.c  >&5
configure:19028: $? = 0
configure:19028: result: yes
configure:19037: checking for strlcat
configure:19037: cc -o conftest -g -O2 -I/home/matiasnavarro/Development/SO2/hpc/libs/hdf5/include -I/home/matiasnavarro/Development/SO2/hpc/libs/zlib/include: -L/home/matiasnavarro/Development/SO2/hpc/libs/hdf5/lib -L/home/matiasnavarro/Development/SO2/hpc/libs/zlib/lib conftest.c  >&5
/tmp/ccqEbv16.o: In function `main':
/home/matiasnavarro/Facultad/2019/Sistemas_Operativos_II/Practicos/TP-SOII-2019/TP2-SOII-2019/source/netcdf-4.1.3/libcf/conftest.c:58: undefined reference to `strlcat'
collect2: error: ld returned 1 exit status
configure:19037: $? = 1
configure: failed program was:
| /* confdefs.h */
| #define PACKAGE_NAME "libcf"
| #define PACKAGE_TARNAME "libcf"
| #define PACKAGE_VERSION "1.0-alpha5"
| #define PACKAGE_STRING "libcf 1.0-alpha5"
| #define PACKAGE_BUGREPORT "support@unidata.ucar.edu"
| #define PACKAGE_URL ""
| #define PACKAGE "libcf"
| #define VERSION "1.0-alpha5"
| #define USE_NETCDF4 1
| #define STDC_HEADERS 1
| #define HAVE_SYS_TYPES_H 1
| #define HAVE_SYS_STAT_H 1
| #define HAVE_STDLIB_H 1
| #define HAVE_STRING_H 1
| #define HAVE_MEMORY_H 1
| #define HAVE_STRINGS_H 1
| #define HAVE_INTTYPES_H 1
| #define HAVE_STDINT_H 1
| #define HAVE_UNISTD_H 1
| #define HAVE_DLFCN_H 1
| #define LT_OBJDIR ".libs/"
| /* end confdefs.h.  */
| /* Define strlcat to an innocuous variant, in case <limits.h> declares strlcat.
|    For example, HP-UX 11i <limits.h> declares gettimeofday.  */
| #define strlcat innocuous_strlcat
| 
| /* System header to define __stub macros and hopefully few prototypes,
|     which can conflict with char strlcat (); below.
|     Prefer <limits.h> to <assert.h> if __STDC__ is defined, since
|     <limits.h> exists even on freestanding compilers.  */
| 
| #ifdef __STDC__
| # include <limits.h>
| #else
| # include <assert.h>
| #endif
| 
| #undef strlcat
| 
| /* Override any GCC internal prototype to avoid an error.
|    Use char because int might match the return type of a GCC
|    builtin and then its argument prototype would still apply.  */
| #ifdef __cplusplus
| extern "C"
| #endif
| char strlcat ();
| /* The GNU C library defines this for functions which it implements
|     to always fail with ENOSYS.  Some functions are actually named
|     something starting with __ and the normal name is an alias.  */
| #if defined __stub_strlcat || defined __stub___strlcat
| choke me
| #endif
| 
| int
| main ()
| {
| return strlcat ();
|   ;
|   return 0;
| }
configure:19037: result: no
configure:19044: checking for size_t
configure:19044: cc -c -g -O2 -I/home/matiasnavarro/Development/SO2/hpc/libs/hdf5/include -I/home/matiasnavarro/Development/SO2/hpc/libs/zlib/include: conftest.c >&5
configure:19044: $? = 0
configure:19044: cc -c -g -O2 -I/home/matiasnavarro/Development/SO2/hpc/libs/hdf5/include -I/home/matiasnavarro/Development/SO2/hpc/libs/zlib/include: conftest.c >&5
conftest.c: In function 'main':
conftest.c:60:21: error: expected expression before ')' token
 if (sizeof ((size_t)))
                     ^
configure:19044: $? = 1
configure: failed program was:
| /* confdefs.h */
| #define PACKAGE_NAME "libcf"
| #define PACKAGE_TARNAME "libcf"
| #define PACKAGE_VERSION "1.0-alpha5"
| #define PACKAGE_STRING "libcf 1.0-alpha5"
| #define PACKAGE_BUGREPORT "support@unidata.ucar.edu"
| #define PACKAGE_URL ""
| #define PACKAGE "libcf"
| #define VERSION "1.0-alpha5"
| #define USE_NETCDF4 1
| #define STDC_HEADERS 1
| #define HAVE_SYS_TYPES_H 1
| #define HAVE_SYS_STAT_H 1
| #define HAVE_STDLIB_H 1
| #define HAVE_STRING_H 1
| #define HAVE_MEMORY_H 1
| #define HAVE_STRINGS_H 1
| #define HAVE_INTTYPES_H 1
| #define HAVE_STDINT_H 1
| #define HAVE_UNISTD_H 1
| #define HAVE_DLFCN_H 1
| #define LT_OBJDIR ".libs/"
| /* end confdefs.h.  */
| #include <stdio.h>
| #ifdef HAVE_SYS_TYPES_H
| # include <sys/types.h>
| #endif
| #ifdef HAVE_SYS_STAT_H
| # include <sys/stat.h>
| #endif
| #ifdef STDC_HEADERS
| # include <stdlib.h>
| # include <stddef.h>
| #else
| # ifdef HAVE_STDLIB_H
| #  include <stdlib.h>
| # endif
| #endif
| #ifdef HAVE_STRING_H
| # if !defined STDC_HEADERS && defined HAVE_MEMORY_H
| #  include <memory.h>
| # endif
| # include <string.h>
| #endif
| #ifdef HAVE_STRINGS_H
| # include <strings.h>
| #endif
| #ifdef HAVE_INTTYPES_H
| # include <inttypes.h>
| #endif
| #ifdef HAVE_STDINT_H
| # include <stdint.h>
| #endif
| #ifdef HAVE_UNISTD_H
| # include <unistd.h>
| #endif
| int
| main ()
| {
| if (sizeof ((size_t)))
| 	    return 0;
|   ;
|   return 0;
| }
configure:19044: result: yes
configure:19057: checking for working alloca.h
configure:19074: cc -o conftest -g -O2 -I/home/matiasnavarro/Development/SO2/hpc/libs/hdf5/include -I/home/matiasnavarro/Development/SO2/hpc/libs/zlib/include: -L/home/matiasnavarro/Development/SO2/hpc/libs/hdf5/lib -L/home/matiasnavarro/Development/SO2/hpc/libs/zlib/lib conftest.c  >&5
configure:19074: $? = 0
configure:19082: result: yes
configure:19090: checking for alloca
configure:19127: cc -o conftest -g -O2 -I/home/matiasnavarro/Development/SO2/hpc/libs/hdf5/include -I/home/matiasnavarro/Development/SO2/hpc/libs/zlib/include: -L/home/matiasnavarro/Development/SO2/hpc/libs/hdf5/lib -L/home/matiasnavarro/Development/SO2/hpc/libs/zlib/lib conftest.c  >&5
configure:19127: $? = 0
configure:19135: result: yes
configure:19244: checking for struct stat.st_blksize
configure:19244: cc -c -g -O2 -I/home/matiasnavarro/Development/SO2/hpc/libs/hdf5/include -I/home/matiasnavarro/Development/SO2/hpc/libs/zlib/include: conftest.c >&5
configure:19244: $? = 0
configure:19244: result: yes
configure:19257: checking for size_t
configure:19257: result: yes
configure:19268: checking for off_t
configure:19268: cc -c -g -O2 -I/home/matiasnavarro/Development/SO2/hpc/libs/hdf5/include -I/home/matiasnavarro/Development/SO2/hpc/libs/zlib/include: conftest.c >&5
configure:19268: $? = 0
configure:19268: cc -c -g -O2 -I/home/matiasnavarro/Development/SO2/hpc/libs/hdf5/include -I/home/matiasnavarro/Development/SO2/hpc/libs/zlib/include: conftest.c >&5
conftest.c: In function 'main':
conftest.c:64:20: error: expected expression before ')' token
 if (sizeof ((off_t)))
                    ^
configure:19268: $? = 1
configure: failed program was:
| /* confdefs.h */
| #define PACKAGE_NAME "libcf"
| #define PACKAGE_TARNAME "libcf"
| #define PACKAGE_VERSION "1.0-alpha5"
| #define PACKAGE_STRING "libcf 1.0-alpha5"
| #define PACKAGE_BUGREPORT "support@unidata.ucar.edu"
| #define PACKAGE_URL ""
| #define PACKAGE "libcf"
| #define VERSION "1.0-alpha5"
| #define USE_NETCDF4 1
| #define STDC_HEADERS 1
| #define HAVE_SYS_TYPES_H 1
| #define HAVE_SYS_STAT_H 1
| #define HAVE_STDLIB_H 1
| #define HAVE_STRING_H 1
| #define HAVE_MEMORY_H 1
| #define HAVE_STRINGS_H 1
| #define HAVE_INTTYPES_H 1
| #define HAVE_STDINT_H 1
| #define HAVE_UNISTD_H 1
| #define HAVE_DLFCN_H 1
| #define LT_OBJDIR ".libs/"
| #define HAVE_ALLOCA_H 1
| #define HAVE_ALLOCA 1
| #define HAVE_STRUCT_STAT_ST_BLKSIZE 1
| #define HAVE_ST_BLKSIZE 1
| /* end confdefs.h.  */
| #include <stdio.h>
| #ifdef HAVE_SYS_TYPES_H
| # include <sys/types.h>
| #endif
| #ifdef HAVE_SYS_STAT_H
| # include <sys/stat.h>
| #endif
| #ifdef STDC_HEADERS
| # include <stdlib.h>
| # include <stddef.h>
| #else
| # ifdef HAVE_STDLIB_H
| #  include <stdlib.h>
| # endif
| #endif
| #ifdef HAVE_STRING_H
| # if !defined STDC_HEADERS && defined HAVE_MEMORY_H
| #  include <memory.h>
| # endif
| # include <string.h>
| #endif
| #ifdef HAVE_STRINGS_H
| # include <strings.h>
| #endif
| #ifdef HAVE_INTTYPES_H
| # include <inttypes.h>
| #endif
| #ifdef HAVE_STDINT_H
| # include <stdint.h>
| #endif
| #ifdef HAVE_UNISTD_H
| # include <unistd.h>
| #endif
| int
| main ()
| {
| if (sizeof ((off_t)))
| 	    return 0;
|   ;
|   return 0;
| }
configure:19268: result: yes
configure:19279: checking for ssize_t
configure:19279: cc -c -g -O2 -I/home/matiasnavarro/Development/SO2/hpc/libs/hdf5/include -I/home/matiasnavarro/Development/SO2/hpc/libs/zlib/include: conftest.c >&5
configure:19279: $? = 0
configure:19279: cc -c -g -O2 -I/home/matiasnavarro/Development/SO2/hpc/libs/hdf5/include -I/home/matiasnavarro/Development/SO2/hpc/libs/zlib/include: conftest.c >&5
conftest.c: In function 'main':
conftest.c:64:22: error: expected expression before ')' token
 if (sizeof ((ssize_t)))
                      ^
configure:19279: $? = 1
configure: failed program was:
| /* confdefs.h */
| #define PACKAGE_NAME "libcf"
| #define PACKAGE_TARNAME "libcf"
| #define PACKAGE_VERSION "1.0-alpha5"
| #define PACKAGE_STRING "libcf 1.0-alpha5"
| #define PACKAGE_BUGREPORT "support@unidata.ucar.edu"
| #define PACKAGE_URL ""
| #define PACKAGE "libcf"
| #define VERSION "1.0-alpha5"
| #define USE_NETCDF4 1
| #define STDC_HEADERS 1
| #define HAVE_SYS_TYPES_H 1
| #define HAVE_SYS_STAT_H 1
| #define HAVE_STDLIB_H 1
| #define HAVE_STRING_H 1
| #define HAVE_MEMORY_H 1
| #define HAVE_STRINGS_H 1
| #define HAVE_INTTYPES_H 1
| #define HAVE_STDINT_H 1
| #define HAVE_UNISTD_H 1
| #define HAVE_DLFCN_H 1
| #define LT_OBJDIR ".libs/"
| #define HAVE_ALLOCA_H 1
| #define HAVE_ALLOCA 1
| #define HAVE_STRUCT_STAT_ST_BLKSIZE 1
| #define HAVE_ST_BLKSIZE 1
| /* end confdefs.h.  */
| #include <stdio.h>
| #ifdef HAVE_SYS_TYPES_H
| # include <sys/types.h>
| #endif
| #ifdef HAVE_SYS_STAT_H
| # include <sys/stat.h>
| #endif
| #ifdef STDC_HEADERS
| # include <stdlib.h>
| # include <stddef.h>
| #else
| # ifdef HAVE_STDLIB_H
| #  include <stdlib.h>
| # endif
| #endif
| #ifdef HAVE_STRING_H
| # if !defined STDC_HEADERS && defined HAVE_MEMORY_H
| #  include <memory.h>
| # endif
| # include <string.h>
| #endif
| #ifdef HAVE_STRINGS_H
| # include <strings.h>
| #endif
| #ifdef HAVE_INTTYPES_H
| # include <inttypes.h>
| #endif
| #ifdef HAVE_STDINT_H
| # include <stdint.h>
| #endif
| #ifdef HAVE_UNISTD_H
| # include <unistd.h>
| #endif
| int
| main ()
| {
| if (sizeof ((ssize_t)))
| 	    return 0;
|   ;
|   return 0;
| }
configure:19279: result: yes
configure:19288: checking for ptrdiff_t
configure:19288: cc -c -g -O2 -I/home/matiasnavarro/Development/SO2/hpc/libs/hdf5/include -I/home/matiasnavarro/Development/SO2/hpc/libs/zlib/include: conftest.c >&5
configure:19288: $? = 0
configure:19288: cc -c -g -O2 -I/home/matiasnavarro/Development/SO2/hpc/libs/hdf5/include -I/home/matiasnavarro/Development/SO2/hpc/libs/zlib/include: conftest.c >&5
conftest.c: In function 'main':
conftest.c:65:24: error: expected expression before ')' token
 if (sizeof ((ptrdiff_t)))
                        ^
configure:19288: $? = 1
configure: failed program was:
| /* confdefs.h */
| #define PACKAGE_NAME "libcf"
| #define PACKAGE_TARNAME "libcf"
| #define PACKAGE_VERSION "1.0-alpha5"
| #define PACKAGE_STRING "libcf 1.0-alpha5"
| #define PACKAGE_BUGREPORT "support@unidata.ucar.edu"
| #define PACKAGE_URL ""
| #define PACKAGE "libcf"
| #define VERSION "1.0-alpha5"
| #define USE_NETCDF4 1
| #define STDC_HEADERS 1
| #define HAVE_SYS_TYPES_H 1
| #define HAVE_SYS_STAT_H 1
| #define HAVE_STDLIB_H 1
| #define HAVE_STRING_H 1
| #define HAVE_MEMORY_H 1
| #define HAVE_STRINGS_H 1
| #define HAVE_INTTYPES_H 1
| #define HAVE_STDINT_H 1
| #define HAVE_UNISTD_H 1
| #define HAVE_DLFCN_H 1
| #define LT_OBJDIR ".libs/"
| #define HAVE_ALLOCA_H 1
| #define HAVE_ALLOCA 1
| #define HAVE_STRUCT_STAT_ST_BLKSIZE 1
| #define HAVE_ST_BLKSIZE 1
| #define HAVE_SSIZE_T 1
| /* end confdefs.h.  */
| #include <stdio.h>
| #ifdef HAVE_SYS_TYPES_H
| # include <sys/types.h>
| #endif
| #ifdef HAVE_SYS_STAT_H
| # include <sys/stat.h>
| #endif
| #ifdef STDC_HEADERS
| # include <stdlib.h>
| # include <stddef.h>
| #else
| # ifdef HAVE_STDLIB_H
| #  include <stdlib.h>
| # endif
| #endif
| #ifdef HAVE_STRING_H
| # if !defined STDC_HEADERS && defined HAVE_MEMORY_H
| #  include <memory.h>
| # endif
| # include <string.h>
| #endif
| #ifdef HAVE_STRINGS_H
| # include <strings.h>
| #endif
| #ifdef HAVE_INTTYPES_H
| # include <inttypes.h>
| #endif
| #ifdef HAVE_STDINT_H
| # include <stdint.h>
| #endif
| #ifdef HAVE_UNISTD_H
| # include <unistd.h>
| #endif
| int
| main ()
| {
| if (sizeof ((ptrdiff_t)))
| 	    return 0;
|   ;
|   return 0;
| }
configure:19288: result: yes
configure:19297: checking for uchar
configure:19297: cc -c -g -O2 -I/home/matiasnavarro/Development/SO2/hpc/libs/hdf5/include -I/home/matiasnavarro/Development/SO2/hpc/libs/zlib/include: conftest.c >&5
conftest.c: In function 'main':
conftest.c:66:13: error: 'uchar' undeclared (first use in this function); did you mean 'u_char'?
 if (sizeof (uchar))
             ^~~~~
             u_char
conftest.c:66:13: note: each undeclared identifier is reported only once for each function it appears in
configure:19297: $? = 1
configure: failed program was:
| /* confdefs.h */
| #define PACKAGE_NAME "libcf"
| #define PACKAGE_TARNAME "libcf"
| #define PACKAGE_VERSION "1.0-alpha5"
| #define PACKAGE_STRING "libcf 1.0-alpha5"
| #define PACKAGE_BUGREPORT "support@unidata.ucar.edu"
| #define PACKAGE_URL ""
| #define PACKAGE "libcf"
| #define VERSION "1.0-alpha5"
| #define USE_NETCDF4 1
| #define STDC_HEADERS 1
| #define HAVE_SYS_TYPES_H 1
| #define HAVE_SYS_STAT_H 1
| #define HAVE_STDLIB_H 1
| #define HAVE_STRING_H 1
| #define HAVE_MEMORY_H 1
| #define HAVE_STRINGS_H 1
| #define HAVE_INTTYPES_H 1
| #define HAVE_STDINT_H 1
| #define HAVE_UNISTD_H 1
| #define HAVE_DLFCN_H 1
| #define LT_OBJDIR ".libs/"
| #define HAVE_ALLOCA_H 1
| #define HAVE_ALLOCA 1
| #define HAVE_STRUCT_STAT_ST_BLKSIZE 1
| #define HAVE_ST_BLKSIZE 1
| #define HAVE_SSIZE_T 1
| #define HAVE_PTRDIFF_T 1
| /* end confdefs.h.  */
| #include <stdio.h>
| #ifdef HAVE_SYS_TYPES_H
| # include <sys/types.h>
| #endif
| #ifdef HAVE_SYS_STAT_H
| # include <sys/stat.h>
| #endif
| #ifdef STDC_HEADERS
| # include <stdlib.h>
| # include <stddef.h>
| #else
| # ifdef HAVE_STDLIB_H
| #  include <stdlib.h>
| # endif
| #endif
| #ifdef HAVE_STRING_H
| # if !defined STDC_HEADERS && defined HAVE_MEMORY_H
| #  include <memory.h>
| # endif
| # include <string.h>
| #endif
| #ifdef HAVE_STRINGS_H
| # include <strings.h>
| #endif
| #ifdef HAVE_INTTYPES_H
| # include <inttypes.h>
| #endif
| #ifdef HAVE_STDINT_H
| # include <stdint.h>
| #endif
| #ifdef HAVE_UNISTD_H
| # include <unistd.h>
| #endif
| int
| main ()
| {
| if (sizeof (uchar))
| 	 return 0;
|   ;
|   return 0;
| }
configure:19297: result: no
configure:19307: checking whether char is unsigned
configure:19325: cc -c -g -O2 -I/home/matiasnavarro/Development/SO2/hpc/libs/hdf5/include -I/home/matiasnavarro/Development/SO2/hpc/libs/zlib/include: conftest.c >&5
configure:19325: $? = 0
configure:19332: result: no
configure:19339: checking whether byte ordering is bigendian
configure:19354: cc -c -g -O2 -I/home/matiasnavarro/Development/SO2/hpc/libs/hdf5/include -I/home/matiasnavarro/Development/SO2/hpc/libs/zlib/include: conftest.c >&5
conftest.c:31:9: error: unknown type name 'not'
         not a universal capable compiler
         ^~~
conftest.c:31:15: error: expected '=', ',', ';', 'asm' or '__attribute__' before 'universal'
         not a universal capable compiler
               ^~~~~~~~~
conftest.c:31:15: error: unknown type name 'universal'
configure:19354: $? = 1
configure: failed program was:
| /* confdefs.h */
| #define PACKAGE_NAME "libcf"
| #define PACKAGE_TARNAME "libcf"
| #define PACKAGE_VERSION "1.0-alpha5"
| #define PACKAGE_STRING "libcf 1.0-alpha5"
| #define PACKAGE_BUGREPORT "support@unidata.ucar.edu"
| #define PACKAGE_URL ""
| #define PACKAGE "libcf"
| #define VERSION "1.0-alpha5"
| #define USE_NETCDF4 1
| #define STDC_HEADERS 1
| #define HAVE_SYS_TYPES_H 1
| #define HAVE_SYS_STAT_H 1
| #define HAVE_STDLIB_H 1
| #define HAVE_STRING_H 1
| #define HAVE_MEMORY_H 1
| #define HAVE_STRINGS_H 1
| #define HAVE_INTTYPES_H 1
| #define HAVE_STDINT_H 1
| #define HAVE_UNISTD_H 1
| #define HAVE_DLFCN_H 1
| #define LT_OBJDIR ".libs/"
| #define HAVE_ALLOCA_H 1
| #define HAVE_ALLOCA 1
| #define HAVE_STRUCT_STAT_ST_BLKSIZE 1
| #define HAVE_ST_BLKSIZE 1
| #define HAVE_SSIZE_T 1
| #define HAVE_PTRDIFF_T 1
| /* end confdefs.h.  */
| #ifndef __APPLE_CC__
| 	       not a universal capable compiler
| 	     #endif
| 	     typedef int dummy;
| 
configure:19399: cc -c -g -O2 -I/home/matiasnavarro/Development/SO2/hpc/libs/hdf5/include -I/home/matiasnavarro/Development/SO2/hpc/libs/zlib/include: conftest.c >&5
configure:19399: $? = 0
configure:19417: cc -c -g -O2 -I/home/matiasnavarro/Development/SO2/hpc/libs/hdf5/include -I/home/matiasnavarro/Development/SO2/hpc/libs/zlib/include: conftest.c >&5
conftest.c: In function 'main':
conftest.c:37:4: error: unknown type name 'not'; did you mean 'ino_t'?
    not big endian
    ^~~
    ino_t
conftest.c:37:12: error: expected '=', ',', ';', 'asm' or '__attribute__' before 'endian'
    not big endian
            ^~~~~~
configure:19417: $? = 1
configure: failed program was:
| /* confdefs.h */
| #define PACKAGE_NAME "libcf"
| #define PACKAGE_TARNAME "libcf"
| #define PACKAGE_VERSION "1.0-alpha5"
| #define PACKAGE_STRING "libcf 1.0-alpha5"
| #define PACKAGE_BUGREPORT "support@unidata.ucar.edu"
| #define PACKAGE_URL ""
| #define PACKAGE "libcf"
| #define VERSION "1.0-alpha5"
| #define USE_NETCDF4 1
| #define STDC_HEADERS 1
| #define HAVE_SYS_TYPES_H 1
| #define HAVE_SYS_STAT_H 1
| #define HAVE_STDLIB_H 1
| #define HAVE_STRING_H 1
| #define HAVE_MEMORY_H 1
| #define HAVE_STRINGS_H 1
| #define HAVE_INTTYPES_H 1
| #define HAVE_STDINT_H 1
| #define HAVE_UNISTD_H 1
| #define HAVE_DLFCN_H 1
| #define LT_OBJDIR ".libs/"
| #define HAVE_ALLOCA_H 1
| #define HAVE_ALLOCA 1
| #define HAVE_STRUCT_STAT_ST_BLKSIZE 1
| #define HAVE_ST_BLKSIZE 1
| #define HAVE_SSIZE_T 1
| #define HAVE_PTRDIFF_T 1
| /* end confdefs.h.  */
| #include <sys/types.h>
| 		#include <sys/param.h>
| 
| int
| main ()
| {
| #if BYTE_ORDER != BIG_ENDIAN
| 		 not big endian
| 		#endif
| 
|   ;
|   return 0;
| }
configure:19545: result: no
configure:19567: checking size of short
configure:19572: cc -o conftest -g -O2 -I/home/matiasnavarro/Development/SO2/hpc/libs/hdf5/include -I/home/matiasnavarro/Development/SO2/hpc/libs/zlib/include: -L/home/matiasnavarro/Development/SO2/hpc/libs/hdf5/lib -L/home/matiasnavarro/Development/SO2/hpc/libs/zlib/lib conftest.c  >&5
configure:19572: $? = 0
configure:19572: ./conftest
configure:19572: $? = 0
configure:19586: result: 2
configure:19600: checking size of int
configure:19605: cc -o conftest -g -O2 -I/home/matiasnavarro/Development/SO2/hpc/libs/hdf5/include -I/home/matiasnavarro/Development/SO2/hpc/libs/zlib/include: -L/home/matiasnavarro/Development/SO2/hpc/libs/hdf5/lib -L/home/matiasnavarro/Development/SO2/hpc/libs/zlib/lib conftest.c  >&5
configure:19605: $? = 0
configure:19605: ./conftest
configure:19605: $? = 0
configure:19619: result: 4
configure:19633: checking size of long
configure:19638: cc -o conftest -g -O2 -I/home/matiasnavarro/Development/SO2/hpc/libs/hdf5/include -I/home/matiasnavarro/Development/SO2/hpc/libs/zlib/include: -L/home/matiasnavarro/Development/SO2/hpc/libs/hdf5/lib -L/home/matiasnavarro/Development/SO2/hpc/libs/zlib/lib conftest.c  >&5
configure:19638: $? = 0
configure:19638: ./conftest
configure:19638: $? = 0
configure:19652: result: 8
configure:19666: checking size of float
configure:19671: cc -o conftest -g -O2 -I/home/matiasnavarro/Development/SO2/hpc/libs/hdf5/include -I/home/matiasnavarro/Development/SO2/hpc/libs/zlib/include: -L/home/matiasnavarro/Development/SO2/hpc/libs/hdf5/lib -L/home/matiasnavarro/Development/SO2/hpc/libs/zlib/lib conftest.c  >&5
configure:19671: $? = 0
configure:19671: ./conftest
configure:19671: $? = 0
configure:19685: result: 4
configure:19699: checking size of double
configure:19704: cc -o conftest -g -O2 -I/home/matiasnavarro/Development/SO2/hpc/libs/hdf5/include -I/home/matiasnavarro/Development/SO2/hpc/libs/zlib/include: -L/home/matiasnavarro/Development/SO2/hpc/libs/hdf5/lib -L/home/matiasnavarro/Development/SO2/hpc/libs/zlib/lib conftest.c  >&5
configure:19704: $? = 0
configure:19704: ./conftest
configure:19704: $? = 0
configure:19718: result: 8
configure:19732: checking size of off_t
configure:19737: cc -o conftest -g -O2 -I/home/matiasnavarro/Development/SO2/hpc/libs/hdf5/include -I/home/matiasnavarro/Development/SO2/hpc/libs/zlib/include: -L/home/matiasnavarro/Development/SO2/hpc/libs/hdf5/lib -L/home/matiasnavarro/Development/SO2/hpc/libs/zlib/lib conftest.c  >&5
configure:19737: $? = 0
configure:19737: ./conftest
configure:19737: $? = 0
configure:19751: result: 8
configure:19765: checking size of size_t
configure:19770: cc -o conftest -g -O2 -I/home/matiasnavarro/Development/SO2/hpc/libs/hdf5/include -I/home/matiasnavarro/Development/SO2/hpc/libs/zlib/include: -L/home/matiasnavarro/Development/SO2/hpc/libs/hdf5/lib -L/home/matiasnavarro/Development/SO2/hpc/libs/zlib/lib conftest.c  >&5
configure:19770: $? = 0
configure:19770: ./conftest
configure:19770: $? = 0
configure:19784: result: 8
configure:19795: checking for library containing floor
configure:19826: cc -o conftest -g -O2 -I/home/matiasnavarro/Development/SO2/hpc/libs/hdf5/include -I/home/matiasnavarro/Development/SO2/hpc/libs/zlib/include: -L/home/matiasnavarro/Development/SO2/hpc/libs/hdf5/lib -L/home/matiasnavarro/Development/SO2/hpc/libs/zlib/lib conftest.c  >&5
conftest.c:44:6: warning: conflicting types for built-in function 'floor' [-Wbuiltin-declaration-mismatch]
 char floor ();
      ^~~~~
/tmp/ccvr2S4G.o: In function `main':
/home/matiasnavarro/Facultad/2019/Sistemas_Operativos_II/Practicos/TP-SOII-2019/TP2-SOII-2019/source/netcdf-4.1.3/libcf/conftest.c:48: undefined reference to `floor'
collect2: error: ld returned 1 exit status
configure:19826: $? = 1
configure: failed program was:
| /* confdefs.h */
| #define PACKAGE_NAME "libcf"
| #define PACKAGE_TARNAME "libcf"
| #define PACKAGE_VERSION "1.0-alpha5"
| #define PACKAGE_STRING "libcf 1.0-alpha5"
| #define PACKAGE_BUGREPORT "support@unidata.ucar.edu"
| #define PACKAGE_URL ""
| #define PACKAGE "libcf"
| #define VERSION "1.0-alpha5"
| #define USE_NETCDF4 1
| #define STDC_HEADERS 1
| #define HAVE_SYS_TYPES_H 1
| #define HAVE_SYS_STAT_H 1
| #define HAVE_STDLIB_H 1
| #define HAVE_STRING_H 1
| #define HAVE_MEMORY_H 1
| #define HAVE_STRINGS_H 1
| #define HAVE_INTTYPES_H 1
| #define HAVE_STDINT_H 1
| #define HAVE_UNISTD_H 1
| #define HAVE_DLFCN_H 1
| #define LT_OBJDIR ".libs/"
| #define HAVE_ALLOCA_H 1
| #define HAVE_ALLOCA 1
| #define HAVE_STRUCT_STAT_ST_BLKSIZE 1
| #define HAVE_ST_BLKSIZE 1
| #define HAVE_SSIZE_T 1
| #define HAVE_PTRDIFF_T 1
| #define SIZEOF_SHORT 2
| #define SIZEOF_INT 4
| #define SIZEOF_LONG 8
| #define SIZEOF_FLOAT 4
| #define SIZEOF_DOUBLE 8
| #define SIZEOF_OFF_T 8
| #define SIZEOF_SIZE_T 8
| /* end confdefs.h.  */
| 
| /* Override any GCC internal prototype to avoid an error.
|    Use char because int might match the return type of a GCC
|    builtin and then its argument prototype would still apply.  */
| #ifdef __cplusplus
| extern "C"
| #endif
| char floor ();
| int
| main ()
| {
| return floor ();
|   ;
|   return 0;
| }
configure:19826: cc -o conftest -g -O2 -I/home/matiasnavarro/Development/SO2/hpc/libs/hdf5/include -I/home/matiasnavarro/Development/SO2/hpc/libs/zlib/include: -L/home/matiasnavarro/Development/SO2/hpc/libs/hdf5/lib -L/home/matiasnavarro/Development/SO2/hpc/libs/zlib/lib conftest.c -lm   >&5
conftest.c:44:6: warning: conflicting types for built-in function 'floor' [-Wbuiltin-declaration-mismatch]
 char floor ();
      ^~~~~
configure:19826: $? = 0
configure:19843: result: -lm
configure:19852: generating header files and makefiles
configure:20126: creating ./config.status

## ---------------------- ##
## Running config.status. ##
## ---------------------- ##

This file was extended by libcf config.status 1.0-alpha5, which was
generated by GNU Autoconf 2.68.  Invocation command line was

  CONFIG_FILES    = 
  CONFIG_HEADERS  = 
  CONFIG_LINKS    = 
  CONFIG_COMMANDS = 
  $ ./config.status 

on MatiasNavarro-LinuxMint

config.status:1269: creating gridspec/tools/make_hgrid/run_tests
config.status:1269: creating gridspec/tools/make_vgrid/run_tests
config.status:1269: creating gridspec/tools/make_topog/run_tests
config.status:1269: creating Makefile
config.status:1269: creating doc/Makefile
config.status:1269: creating cfcheck/Makefile
config.status:1269: creating src/Makefile
config.status:1269: creating config.h
config.status:1269: creating nfconfig.inc
config.status:1498: executing depfiles commands
config.status:1498: executing libtool commands

## ---------------- ##
## Cache variables. ##
## ---------------- ##

ac_cv_build=x86_64-unknown-linux-gnu
ac_cv_c_bigendian=no
ac_cv_c_char_unsigned=no
ac_cv_c_compiler_gnu=yes
ac_cv_env_CC_set=
ac_cv_env_CC_value=
ac_cv_env_CFLAGS_set=
ac_cv_env_CFLAGS_value=
ac_cv_env_CPPFLAGS_set=set
ac_cv_env_CPPFLAGS_value='-I/home/matiasnavarro/Development/SO2/hpc/libs/hdf5/include -I/home/matiasnavarro/Development/SO2/hpc/libs/zlib/include:'
ac_cv_env_CPP_set=
ac_cv_env_CPP_value=
ac_cv_env_F77_set=
ac_cv_env_F77_value=
ac_cv_env_FCFLAGS_set=
ac_cv_env_FCFLAGS_value=
ac_cv_env_FC_set=
ac_cv_env_FC_value=
ac_cv_env_FFLAGS_set=
ac_cv_env_FFLAGS_value=
ac_cv_env_LDFLAGS_set=set
ac_cv_env_LDFLAGS_value='-L/home/matiasnavarro/Development/SO2/hpc/libs/hdf5/lib -L/home/matiasnavarro/Development/SO2/hpc/libs/zlib/lib'
ac_cv_env_LIBS_set=
ac_cv_env_LIBS_value=
ac_cv_env_build_alias_set=
ac_cv_env_build_alias_value=
ac_cv_env_host_alias_set=
ac_cv_env_host_alias_value=
ac_cv_env_target_alias_set=
ac_cv_env_target_alias_value=
ac_cv_f77_compiler_gnu=no
ac_cv_fc_compiler_gnu=no
ac_cv_func_alloca_works=yes
ac_cv_func_strerror=yes
ac_cv_func_strlcat=no
ac_cv_header_dlfcn_h=yes
ac_cv_header_inttypes_h=yes
ac_cv_header_memory_h=yes
ac_cv_header_stdc=yes
ac_cv_header_stdint_h=yes
ac_cv_header_stdlib_h=yes
ac_cv_header_string_h=yes
ac_cv_header_strings_h=yes
ac_cv_header_sys_stat_h=yes
ac_cv_header_sys_types_h=yes
ac_cv_header_unistd_h=yes
ac_cv_host=x86_64-unknown-linux-gnu
ac_cv_member_struct_stat_st_blksize=yes
ac_cv_objext=o
ac_cv_path_EGREP='/bin/grep -E'
ac_cv_path_FGREP='/bin/grep -F'
ac_cv_path_GREP=/bin/grep
ac_cv_path_SED=/bin/sed
ac_cv_path_install='/usr/bin/install -c'
ac_cv_path_mkdir=/bin/mkdir
ac_cv_prog_AWK=gawk
ac_cv_prog_CPP='cc -E'
ac_cv_prog_ac_ct_AR=ar
ac_cv_prog_ac_ct_CC=cc
ac_cv_prog_ac_ct_DLLTOOL=dlltool
ac_cv_prog_ac_ct_MANIFEST_TOOL=mt
ac_cv_prog_ac_ct_OBJDUMP=objdump
ac_cv_prog_ac_ct_RANLIB=ranlib
ac_cv_prog_ac_ct_STRIP=strip
ac_cv_prog_cc_c89=
ac_cv_prog_cc_cc_c_o=yes
ac_cv_prog_cc_g=yes
ac_cv_prog_f77_g=no
ac_cv_prog_f90_uppercase_mod=no
ac_cv_prog_fc_g=no
ac_cv_prog_make_make_set=yes
ac_cv_search_floor=-lm
ac_cv_sizeof_double=8
ac_cv_sizeof_float=4
ac_cv_sizeof_int=4
ac_cv_sizeof_long=8
ac_cv_sizeof_off_t=8
ac_cv_sizeof_short=2
ac_cv_sizeof_size_t=8
ac_cv_sys_file_offset_bits=no
ac_cv_sys_largefile_CC=no
ac_cv_type_off_t=yes
ac_cv_type_ptrdiff_t=yes
ac_cv_type_size_t=yes
ac_cv_type_ssize_t=yes
ac_cv_type_uchar=no
ac_cv_working_alloca_h=yes
am_cv_CC_dependencies_compiler_type=gcc3
lt_cv_ar_at_file=@
lt_cv_archive_cmds_need_lc=no
lt_cv_deplibs_check_method=pass_all
lt_cv_file_magic_cmd='$MAGIC_CMD'
lt_cv_file_magic_test_file=
lt_cv_ld_reload_flag=-r
lt_cv_nm_interface='BSD nm'
lt_cv_objdir=.libs
lt_cv_path_LD=/usr/bin/ld
lt_cv_path_NM='/usr/bin/nm -B'
lt_cv_path_mainfest_tool=no
lt_cv_prog_compiler_c_o=yes
lt_cv_prog_compiler_pic='-fPIC -DPIC'
lt_cv_prog_compiler_pic_works=yes
lt_cv_prog_compiler_rtti_exceptions=no
lt_cv_prog_compiler_static_works=yes
lt_cv_prog_gnu_ld=yes
lt_cv_sharedlib_from_linklib_cmd='printf %s\n'
lt_cv_shlibpath_overrides_runpath=yes
lt_cv_sys_global_symbol_pipe='sed -n -e '\''s/^.*[	 ]\([ABCDGIRSTW][ABCDGIRSTW]*\)[	 ][	 ]*\([_A-Za-z][_A-Za-z0-9]*\)$/\1 \2 \2/p'\'' | sed '\''/ __gnu_lto/d'\'''
lt_cv_sys_global_symbol_to_c_name_address='sed -n -e '\''s/^: \([^ ]*\)[ ]*$/  {\"\1\", (void *) 0},/p'\'' -e '\''s/^[ABCDGIRSTW]* \([^ ]*\) \([^ ]*\)$/  {"\2", (void *) \&\2},/p'\'''
lt_cv_sys_global_symbol_to_c_name_address_lib_prefix='sed -n -e '\''s/^: \([^ ]*\)[ ]*$/  {\"\1\", (void *) 0},/p'\'' -e '\''s/^[ABCDGIRSTW]* \([^ ]*\) \(lib[^ ]*\)$/  {"\2", (void *) \&\2},/p'\'' -e '\''s/^[ABCDGIRSTW]* \([^ ]*\) \([^ ]*\)$/  {"lib\2", (void *) \&\2},/p'\'''
lt_cv_sys_global_symbol_to_cdecl='sed -n -e '\''s/^T .* \(.*\)$/extern int \1();/p'\'' -e '\''s/^[ABCDGIRSTW]* .* \(.*\)$/extern char \1;/p'\'''
lt_cv_sys_max_cmd_len=1572864
lt_cv_to_host_file_cmd=func_convert_file_noop
lt_cv_to_tool_file_cmd=func_convert_file_noop

## ----------------- ##
## Output variables. ##
## ----------------- ##

ACLOCAL='${SHELL} /home/matiasnavarro/Facultad/2019/Sistemas_Operativos_II/Practicos/TP-SOII-2019/TP2-SOII-2019/source/netcdf-4.1.3/libcf/missing --run aclocal-1.11'
ALLOCA=''
AMDEPBACKSLASH='\'
AMDEP_FALSE='#'
AMDEP_TRUE=''
AMTAR='${SHELL} /home/matiasnavarro/Facultad/2019/Sistemas_Operativos_II/Practicos/TP-SOII-2019/TP2-SOII-2019/source/netcdf-4.1.3/libcf/missing --run tar'
AR='ar'
AS='as'
AUTOCONF='${SHELL} /home/matiasnavarro/Facultad/2019/Sistemas_Operativos_II/Practicos/TP-SOII-2019/TP2-SOII-2019/source/netcdf-4.1.3/libcf/missing --run autoconf'
AUTOHEADER='${SHELL} /home/matiasnavarro/Facultad/2019/Sistemas_Operativos_II/Practicos/TP-SOII-2019/TP2-SOII-2019/source/netcdf-4.1.3/libcf/missing --run autoheader'
AUTOMAKE='${SHELL} /home/matiasnavarro/Facultad/2019/Sistemas_Operativos_II/Practicos/TP-SOII-2019/TP2-SOII-2019/source/netcdf-4.1.3/libcf/missing --run automake-1.11'
AWK='gawk'
BUILD_CFCHECK_FALSE='#'
BUILD_CFCHECK_TRUE=''
BUILD_DOCS_FALSE=''
BUILD_DOCS_TRUE='#'
BUILD_F90_FALSE='#'
BUILD_F90_TRUE=''
BUILD_GRIDSPEC_FALSE=''
BUILD_GRIDSPEC_FILE_TESTS_FALSE=''
BUILD_GRIDSPEC_FILE_TESTS_TRUE='#'
BUILD_GRIDSPEC_TRUE='#'
CC='cc'
CCDEPMODE='depmode=gcc3'
CFLAGS='-g -O2'
CPP='cc -E'
CPPFLAGS='-I/home/matiasnavarro/Development/SO2/hpc/libs/hdf5/include -I/home/matiasnavarro/Development/SO2/hpc/libs/zlib/include:'
CYGPATH_W='echo'
DEFS='-DHAVE_CONFIG_H'
DEPDIR='.deps'
DLLTOOL='dlltool'
DSYMUTIL=''
DUMPBIN=''
ECHO_C=''
ECHO_N='-n'
ECHO_T=''
EGREP='/bin/grep -E'
EXEEXT=''
EXTERN_CFLAGS=''
EXTERN_CPPFLAGS=''
EXTERN_LDFLAGS=' -lhdf5_hl -lhdf5 -lz'
EXTRA_DATA_TESTS_FALSE=''
EXTRA_DATA_TESTS_TRUE='#'
F77=''
FC=''
FCFLAGS=''
FCFLAGS_f90=''
FFLAGS=''
FGREP='/bin/grep -F'
GREP='/bin/grep'
HDF4DIR=''
HDF5DIR=''
INSTALL_DATA='${INSTALL} -m 644'
INSTALL_PROGRAM='${INSTALL}'
INSTALL_SCRIPT='${INSTALL}'
INSTALL_STRIP_PROGRAM='$(install_sh) -c -s'
LD='/usr/bin/ld -m elf_x86_64'
LDFLAGS='-L/home/matiasnavarro/Development/SO2/hpc/libs/hdf5/lib -L/home/matiasnavarro/Development/SO2/hpc/libs/zlib/lib'
LIBOBJS=''
LIBS='-lm '
LIBTOOL='$(SHELL) $(top_builddir)/libtool'
LIPO=''
LN_S='ln -s'
LTLIBOBJS=''
MAKEINFO='${SHELL} /home/matiasnavarro/Facultad/2019/Sistemas_Operativos_II/Practicos/TP-SOII-2019/TP2-SOII-2019/source/netcdf-4.1.3/libcf/missing --run makeinfo'
MANIFEST_TOOL=':'
MKDIR_P='/bin/mkdir -p'
MOD_FLAG=''
NCDUMPDIR='../../../../ncdump'
NETCDFDIR=''
NM='/usr/bin/nm -B'
NMEDIT=''
OBJDUMP='objdump'
OBJEXT='o'
OTOOL64=''
OTOOL=''
PACKAGE='libcf'
PACKAGE_BUGREPORT='support@unidata.ucar.edu'
PACKAGE_NAME='libcf'
PACKAGE_STRING='libcf 1.0-alpha5'
PACKAGE_TARNAME='libcf'
PACKAGE_URL=''
PACKAGE_VERSION='1.0-alpha5'
PATH_SEPARATOR=':'
RANLIB='ranlib'
SED='/bin/sed'
SET_MAKE=''
SHELL='/bin/bash'
STRIP='strip'
SZLIBDIR=''
UPPER_CASE_MOD_FALSE=''
UPPER_CASE_MOD_TRUE='#'
USE_HDF4_DIR_FALSE=''
USE_HDF4_DIR_TRUE='#'
USE_HDF4_FALSE=''
USE_HDF4_TRUE='#'
USE_HDF5_DIR_FALSE=''
USE_HDF5_DIR_TRUE='#'
USE_NETCDF4_FALSE='#'
USE_NETCDF4_TRUE=''
USE_NETCDF_DIR_FALSE=''
USE_NETCDF_DIR_TRUE='#'
USE_SZLIB_DIR_FALSE=''
USE_SZLIB_DIR_TRUE='#'
USE_ZLIB_DIR_FALSE=''
USE_ZLIB_DIR_TRUE='#'
VERSION='1.0-alpha5'
ZLIBDIR=''
ac_ct_AR='ar'
ac_ct_CC='cc'
ac_ct_DUMPBIN=''
ac_ct_F77=''
ac_ct_FC=''
am__EXEEXT_FALSE=''
am__EXEEXT_TRUE='#'
am__fastdepCC_FALSE='#'
am__fastdepCC_TRUE=''
am__include='include'
am__isrc=''
am__leading_dot='.'
am__quote=''
am__tar='${AMTAR} chof - "$$tardir"'
am__untar='${AMTAR} xf -'
bindir='${exec_prefix}/bin'
build='x86_64-unknown-linux-gnu'
build_alias=''
build_cpu='x86_64'
build_os='linux-gnu'
build_vendor='unknown'
datadir='${datarootdir}'
datarootdir='${prefix}/share'
docdir='${datarootdir}/doc/${PACKAGE_TARNAME}'
dvidir='${docdir}'
exec_prefix='${prefix}'
host='x86_64-unknown-linux-gnu'
host_alias=''
host_cpu='x86_64'
host_os='linux-gnu'
host_vendor='unknown'
htmldir='${docdir}'
includedir='${prefix}/include'
infodir='${datarootdir}/info'
install_sh='${SHELL} /home/matiasnavarro/Facultad/2019/Sistemas_Operativos_II/Practicos/TP-SOII-2019/TP2-SOII-2019/source/netcdf-4.1.3/libcf/install-sh'
libdir='${exec_prefix}/lib'
libexecdir='${exec_prefix}/libexec'
localedir='${datarootdir}/locale'
localstatedir='${prefix}/var'
mandir='${datarootdir}/man'
mkdir_p='/bin/mkdir -p'
oldincludedir='/usr/include'
pdfdir='${docdir}'
prefix='/home/matiasnavarro/Development/SO2/hpc/libs/netcdf'
program_transform_name='s,x,x,'
psdir='${docdir}'
sbindir='${exec_prefix}/sbin'
sharedstatedir='${prefix}/com'
sysconfdir='${prefix}/etc'
target_alias=''

## ----------- ##
## confdefs.h. ##
## ----------- ##

/* confdefs.h */
#define PACKAGE_NAME "libcf"
#define PACKAGE_TARNAME "libcf"
#define PACKAGE_VERSION "1.0-alpha5"
#define PACKAGE_STRING "libcf 1.0-alpha5"
#define PACKAGE_BUGREPORT "support@unidata.ucar.edu"
#define PACKAGE_URL ""
#define PACKAGE "libcf"
#define VERSION "1.0-alpha5"
#define USE_NETCDF4 1
#define STDC_HEADERS 1
#define HAVE_SYS_TYPES_H 1
#define HAVE_SYS_STAT_H 1
#define HAVE_STDLIB_H 1
#define HAVE_STRING_H 1
#define HAVE_MEMORY_H 1
#define HAVE_STRINGS_H 1
#define HAVE_INTTYPES_H 1
#define HAVE_STDINT_H 1
#define HAVE_UNISTD_H 1
#define HAVE_DLFCN_H 1
#define LT_OBJDIR ".libs/"
#define HAVE_ALLOCA_H 1
#define HAVE_ALLOCA 1
#define HAVE_STRUCT_STAT_ST_BLKSIZE 1
#define HAVE_ST_BLKSIZE 1
#define HAVE_SSIZE_T 1
#define HAVE_PTRDIFF_T 1
#define SIZEOF_SHORT 2
#define SIZEOF_INT 4
#define SIZEOF_LONG 8
#define SIZEOF_FLOAT 4
#define SIZEOF_DOUBLE 8
#define SIZEOF_OFF_T 8
#define SIZEOF_SIZE_T 8

configure: exit 0
